 >>  MySQLTuner 1.8.1 - Major Hayden <major@mhtx.net>
 >>  Bug reports, feature requests, and downloads at http://mysqltuner.pl/
 >>  Run with '--help' for additional options and output filtering

[--] Skipped version check for MySQLTuner script
[OK] Logged in using credentials from Debian maintenance account.
[!!] failed to execute: SHOW REPLICA STATUS\G
[!!] FAIL Execute SQL / return code: 256
[OK] Currently running supported MySQL version 10.3.31-MariaDB-0ubuntu0.20.04.1
[OK] Operating on 64-bit architecture
 
-------- Log file Recommendations ------------------------------------------------------------------
[OK] Log file /var/log/mysql/error.log exists
[--] Log file: /var/log/mysql/error.log(6K)
[OK] Log file /var/log/mysql/error.log is not empty
[OK] Log file /var/log/mysql/error.log is smaller than 32 Mb
[OK] Log file /var/log/mysql/error.log is readable.
[!!] /var/log/mysql/error.log contains 1 warning(s).
[OK] /var/log/mysql/error.log doesn't contain any error.
[--] 3 start(s) detected in /var/log/mysql/error.log
[--] 1) 2021-08-21 10:06:41 0 [Note] /usr/sbin/mysqld: ready for connections.
[--] 2) 2021-08-20 18:54:27 0 [Note] /usr/sbin/mysqld: ready for connections.
[--] 3) 2021-08-20 18:54:21 0 [Note] /usr/sbin/mysqld: ready for connections.
[--] 2 shutdown(s) detected in /var/log/mysql/error.log
[--] 1) 2021-08-20 19:00:40 0 [Note] /usr/sbin/mysqld: Shutdown complete
[--] 2) 2021-08-20 18:54:27 0 [Note] /usr/sbin/mysqld: Shutdown complete
 
-------- Storage Engine Statistics -----------------------------------------------------------------
[--] Status: +Aria +CSV +InnoDB +MEMORY +MRG_MyISAM +MyISAM +PERFORMANCE_SCHEMA +SEQUENCE 
[--] Data in InnoDB tables: 16.1M (Tables: 4)
[OK] Total fragmented tables: 0
 
-------- Analysis Performance Metrics --------------------------------------------------------------
[--] innodb_stats_on_metadata: OFF
[OK] No stat updates during querying INFORMATION_SCHEMA.
 
-------- Security Recommendations ------------------------------------------------------------------
[OK] There are no anonymous accounts for any database users
[OK] All database users have passwords assigned
[!!] User 'isucon'@'localhost' has user name as password.
[!!] There is no basic password file list!
 
-------- CVE Security Recommendations --------------------------------------------------------------
[--] Skipped due to --cvefile option undefined
 
-------- Performance Metrics -----------------------------------------------------------------------
[--] Up for: 20m 5s (106K q [88.161 qps], 111 conn, TX: 287M, RX: 24M)
[--] Reads / Writes: 21% / 79%
[--] Binary logging is disabled
[--] Physical Memory     : 3.6G
[--] Max MySQL memory    : 3.2G
[--] Other process memory: 0B
[--] Total buffers: 432.0M global + 18.9M per thread (151 max threads)
[--] P_S Max memory usage: 0B
[--] Galera GCache Max memory usage: 0B
[OK] Maximum reached memory usage: 640.0M (17.19% of installed RAM)
[!!] Maximum possible memory usage: 3.2G (88.29% of installed RAM)
[OK] Overall possible memory usage with other process is compatible with memory available
[OK] Slow queries: 0% (0/106K)
[OK] Highest usage of available connections: 7% (11/151)
[OK] Aborted connections: 0.90%  (1/111)
[!!] name resolution is active : a reverse name resolution is made for each new connection and can reduce performance
[!!] Query cache may be disabled by default due to mutex contention.
[OK] Query cache efficiency: 38.9% (12K cached / 32K selects)
[OK] Query cache prunes per day: 0
[OK] Sorts requiring temporary tables: 0% (0 temp sorts / 6K sorts)
[OK] No joins without indexes
[OK] Temporary tables created on disk: 8% (3 on disk / 36 total)
[OK] Thread cache hit rate: 89% (12 created / 111 connections)
[OK] Table cache hit rate: 99% (168K hits / 169K requests)
[OK] table_definition_cache(400) is upper than number of tables(165)
[OK] Open file limit used: 0% (59/32K)
[OK] Table locks acquired immediately: 100% (66 immediate / 66 locks)
 
-------- Performance schema ------------------------------------------------------------------------
[--] Performance schema is disabled.
[--] Memory used by P_S: 0B
[--] Sys schema isn't installed.
 
-------- ThreadPool Metrics ------------------------------------------------------------------------
[--] ThreadPool stat is enabled.
[--] Thread Pool Size: 2 thread(s).
[--] Using default value is good enough for your version (10.3.31-MariaDB-0ubuntu0.20.04.1)
 
-------- MyISAM Metrics ----------------------------------------------------------------------------
[!!] Key buffer used: 18.2% (24M used / 134M cache)
[OK] Key buffer size / total MyISAM indexes: 128.0M/118.0K
[!!] Read Key buffer hit rate: 66.7% (12 cached / 4 reads)
 
-------- InnoDB Metrics ----------------------------------------------------------------------------
[--] InnoDB is enabled.
[--] InnoDB Thread Concurrency: 0
[OK] InnoDB File per table is activated
[OK] InnoDB buffer pool / data size: 128.0M/16.1M
[!!] Ratio InnoDB log file size / InnoDB Buffer pool size (75 %): 48.0M * 2/128.0M should be equal to 25%
[OK] InnoDB buffer pool instances: 1
[--] Number of InnoDB Buffer Pool Chunk : 1 for 1 Buffer Pool Instance(s)
[OK] Innodb_buffer_pool_size aligned with Innodb_buffer_pool_chunk_size & Innodb_buffer_pool_instances
[OK] InnoDB Read buffer efficiency: 100.00% (19242169 hits/ 19242448 total)
[!!] InnoDB Write Log efficiency: 84.56% (35470 hits/ 41945 total)
[OK] InnoDB log waits: 0.00% (0 waits / 6475 writes)
 
-------- Aria Metrics ------------------------------------------------------------------------------
[--] Aria Storage Engine is enabled.
[OK] Aria pagecache size / total Aria indexes: 128.0M/0B
[OK] Aria pagecache hit rate: 98.1% (154 cached / 3 reads)
 
-------- TokuDB Metrics ----------------------------------------------------------------------------
[--] TokuDB is disabled.
 
-------- XtraDB Metrics ----------------------------------------------------------------------------
[--] XtraDB is disabled.
 
-------- Galera Metrics ----------------------------------------------------------------------------
[--] Galera is disabled.
 
-------- Replication Metrics -----------------------------------------------------------------------
[--] Galera Synchronous replication: NO
[--] No replication slave(s) for this server.
[--] Binlog format: MIXED
[--] XA support enabled: ON
[--] Semi synchronous replication Master: OFF
[--] Semi synchronous replication Slave: OFF
[--] This is a standalone server
 
-------- Recommendations ---------------------------------------------------------------------------
General recommendations:
    Control warning line(s) into /var/log/mysql/error.log file
    Set up a Secure Password for 'isucon'@'localhost' user: SET PASSWORD FOR 'isucon'@'localhost' = PASSWORD('secure_password');
    MySQL was started within the last 24 hours - recommendations may be inaccurate
    Reduce your overall MySQL memory footprint for system stability
    Configure your accounts with ip or subnets only, then update your configuration with skip-name-resolve=1
    Performance schema should be activated for better diagnostics
    Consider installing Sys schema from https://github.com/mysql/mysql-sys for MySQL
    Consider installing Sys schema from https://github.com/FromDual/mariadb-sys for MariaDB
    Before changing innodb_log_file_size and/or innodb_log_files_in_group read this: https://bit.ly/2TcGgtU
Variables to adjust:
    query_cache_size (=0)
    query_cache_type (=0)
    performance_schema = ON enable PFS
    innodb_log_file_size should be (=16M) if possible, so InnoDB total log files size equals to 25% of buffer pool size.
